2025-06-11 20:50:49,044 - INFO - Using default cleaning configuration
2025-06-11 20:50:49,045 - INFO - Loading dataset from data.csv
2025-06-11 20:50:49,078 - INFO - Initial shape: (10000, 7)
2025-06-11 20:50:49,078 - INFO - Created data cleaning pipeline with 13 steps
2025-06-11 20:50:49,079 - INFO - 1. Initial Data: Shape (10000, 7)
2025-06-11 20:50:49,083 - INFO -   Sales_Before: min=24.85, max=545.42, mean=203.72
2025-06-11 20:50:49,085 - INFO -   Sales_After: min=32.41, max=818.22, mean=280.46
2025-06-11 20:50:49,086 - INFO -   Customer_Satisfaction_Before: min=22.20, max=100.00, mean=70.25
2025-06-11 20:50:49,088 - INFO - Converted Sales_Before to numeric (0 values became NaN)
2025-06-11 20:50:49,089 - INFO - Converted Sales_After to numeric (0 values became NaN)
2025-06-11 20:50:49,090 - INFO - Converted Customer_Satisfaction_Before to numeric (0 values became NaN)
2025-06-11 20:50:49,091 - INFO - Converted Customer_Satisfaction_After to numeric (0 values became NaN)
2025-06-11 20:50:49,091 - INFO - 2. After Type Conversion: Shape (10000, 7)
2025-06-11 20:50:49,093 - INFO -   Sales_Before: min=24.85, max=545.42, mean=203.72
2025-06-11 20:50:49,094 - INFO -   Sales_After: min=32.41, max=818.22, mean=280.46
2025-06-11 20:50:49,095 - INFO -   Customer_Satisfaction_Before: min=22.20, max=100.00, mean=70.25
2025-06-11 20:50:49,097 - INFO - Found 10 constraint violations in Sales_Before
2025-06-11 20:50:49,099 - INFO - Corrected 10 invalid values in Sales_Before with 203.36
2025-06-11 20:50:49,100 - INFO - Found 6 constraint violations in Sales_After
2025-06-11 20:50:49,102 - INFO - Corrected 6 invalid values in Sales_After with 273.20
2025-06-11 20:50:49,105 - INFO - 3. After Error Correction: Shape (10000, 7)
2025-06-11 20:50:49,105 - INFO -   Sales_Before: min=50.90, max=453.11, mean=203.79
2025-06-11 20:50:49,106 - INFO -   Sales_After: min=53.42, max=683.18, mean=280.53
2025-06-11 20:50:49,107 - INFO -   Customer_Satisfaction_Before: min=22.20, max=100.00, mean=70.25
2025-06-11 20:50:49,107 - INFO - Handling 1522 missing values in Sales_Before
2025-06-11 20:50:49,108 - INFO - Filled missing values in Sales_Before with 203.79
2025-06-11 20:50:49,109 - INFO - Handling 767 missing values in Sales_After
2025-06-11 20:50:49,110 - INFO - Filled missing values in Sales_After with 280.53
2025-06-11 20:50:49,110 - INFO - Handling 1670 missing values in Customer_Satisfaction_Before
2025-06-11 20:50:49,110 - INFO - Filled missing values in Customer_Satisfaction_Before with 70.25
2025-06-11 20:50:49,111 - INFO - Handling 1640 missing values in Customer_Satisfaction_After
2025-06-11 20:50:49,111 - INFO - Filled missing values in Customer_Satisfaction_After with 73.87
2025-06-11 20:50:49,112 - INFO - 4. After Missing Values: Shape (10000, 7)
2025-06-11 20:50:49,112 - INFO -   Sales_Before: min=50.90, max=453.11, mean=203.79
2025-06-11 20:50:49,113 - INFO -   Sales_After: min=53.42, max=683.18, mean=280.53
2025-06-11 20:50:49,113 - INFO -   Customer_Satisfaction_Before: min=22.20, max=100.00, mean=70.25
2025-06-11 20:50:49,115 - INFO - Found 327 outliers in Sales_Before (bounds: 88 - 317)
2025-06-11 20:50:49,117 - INFO - Capped outliers in Sales_Before
2025-06-11 20:50:49,119 - INFO - Found 194 outliers in Sales_After (bounds: 76 - 477)
2025-06-11 20:50:49,119 - INFO - Capped outliers in Sales_After
2025-06-11 20:50:49,122 - INFO - Found 7 outliers in Customer_Satisfaction_Before (bounds: 27 - 112)
2025-06-11 20:50:49,123 - INFO - Capped outliers in Customer_Satisfaction_Before
2025-06-11 20:50:49,124 - INFO - Found 17 outliers in Customer_Satisfaction_After (bounds: 28 - 121)
2025-06-11 20:50:49,125 - INFO - Capped outliers in Customer_Satisfaction_After
2025-06-11 20:50:49,125 - INFO - 5. After Outliers: Shape (10000, 7)
2025-06-11 20:50:49,126 - INFO -   Sales_Before: min=88.04, max=316.72, mean=203.42
2025-06-11 20:50:49,127 - INFO -   Sales_After: min=75.68, max=477.37, mean=279.76
2025-06-11 20:50:49,127 - INFO -   Customer_Satisfaction_Before: min=27.01, max=100.00, mean=70.25
2025-06-11 20:50:49,135 - INFO - Removed 5 duplicate rows
2025-06-11 20:50:49,136 - INFO - 6. After Duplicates: Shape (9995, 7)
2025-06-11 20:50:49,136 - INFO -   Sales_Before: min=88.04, max=316.72, mean=203.42
2025-06-11 20:50:49,136 - INFO -   Sales_After: min=75.68, max=477.37, mean=279.74
2025-06-11 20:50:49,136 - INFO -   Customer_Satisfaction_Before: min=27.01, max=100.00, mean=70.25
2025-06-11 20:50:49,138 - INFO - Adjusting precision for 4 columns: ['Sales_Before', 'Sales_After', 'Customer_Satisfaction_Before', 'Customer_Satisfaction_After']
2025-06-11 20:50:49,138 - INFO - Adjusted precision of Sales_Before to 2 decimal places
2025-06-11 20:50:49,138 - INFO - Adjusted precision of Sales_After to 2 decimal places
2025-06-11 20:50:49,139 - INFO - Adjusted precision of Customer_Satisfaction_Before to 1 decimal places
2025-06-11 20:50:49,139 - INFO - Adjusted precision of Customer_Satisfaction_After to 1 decimal places
2025-06-11 20:50:49,139 - INFO - 7. Final Data: Shape (9995, 7)
2025-06-11 20:50:49,140 - INFO -   Sales_Before: min=88.04, max=316.72, mean=203.42
2025-06-11 20:50:49,140 - INFO -   Sales_After: min=75.68, max=477.37, mean=279.74
2025-06-11 20:50:49,141 - INFO -   Customer_Satisfaction_Before: min=27.00, max=100.00, mean=70.26
2025-06-11 20:50:49,174 - INFO - Cleaned data saved to cleaned_output.csv
2025-06-11 20:50:49,186 - INFO - 
========================================
Total execution time: 0.14 seconds
========================================
2025-06-12 00:16:59,843 - INFO - Using default cleaning configuration
2025-06-12 00:16:59,843 - INFO - Loading dataset from data.csv
2025-06-12 00:16:59,891 - INFO - Initial shape: (10000, 7)
2025-06-12 00:16:59,892 - INFO - Created data cleaning pipeline with 13 steps
2025-06-12 00:16:59,892 - INFO - 1. Initial Data: Shape (10000, 7)
2025-06-12 00:16:59,898 - INFO -   Sales_Before: min=24.85, max=545.42, mean=203.72
2025-06-12 00:16:59,900 - INFO -   Sales_After: min=32.41, max=818.22, mean=280.46
2025-06-12 00:16:59,900 - INFO -   Customer_Satisfaction_Before: min=22.20, max=100.00, mean=70.25
2025-06-12 00:16:59,903 - INFO - Converted Sales_Before to numeric (0 values became NaN)
2025-06-12 00:16:59,904 - INFO - Converted Sales_After to numeric (0 values became NaN)
2025-06-12 00:16:59,905 - INFO - Converted Customer_Satisfaction_Before to numeric (0 values became NaN)
2025-06-12 00:16:59,905 - INFO - Converted Customer_Satisfaction_After to numeric (0 values became NaN)
2025-06-12 00:16:59,905 - INFO - 2. After Type Conversion: Shape (10000, 7)
2025-06-12 00:16:59,907 - INFO -   Sales_Before: min=24.85, max=545.42, mean=203.72
2025-06-12 00:16:59,908 - INFO -   Sales_After: min=32.41, max=818.22, mean=280.46
2025-06-12 00:16:59,908 - INFO -   Customer_Satisfaction_Before: min=22.20, max=100.00, mean=70.25
2025-06-12 00:16:59,912 - INFO - Found 10 constraint violations in Sales_Before
2025-06-12 00:16:59,915 - INFO - Corrected 10 invalid values in Sales_Before with 203.36
2025-06-12 00:16:59,917 - INFO - Found 6 constraint violations in Sales_After
2025-06-12 00:16:59,918 - INFO - Corrected 6 invalid values in Sales_After with 273.20
2025-06-12 00:16:59,921 - INFO - 3. After Error Correction: Shape (10000, 7)
2025-06-12 00:16:59,922 - INFO -   Sales_Before: min=50.90, max=453.11, mean=203.79
2025-06-12 00:16:59,923 - INFO -   Sales_After: min=53.42, max=683.18, mean=280.53
2025-06-12 00:16:59,924 - INFO -   Customer_Satisfaction_Before: min=22.20, max=100.00, mean=70.25
2025-06-12 00:16:59,925 - INFO - Handling 1522 missing values in Sales_Before
2025-06-12 00:16:59,926 - INFO - Filled missing values in Sales_Before with 203.79
2025-06-12 00:16:59,927 - INFO - Handling 767 missing values in Sales_After
2025-06-12 00:16:59,927 - INFO - Filled missing values in Sales_After with 280.53
2025-06-12 00:16:59,928 - INFO - Handling 1670 missing values in Customer_Satisfaction_Before
2025-06-12 00:16:59,929 - INFO - Filled missing values in Customer_Satisfaction_Before with 70.25
2025-06-12 00:16:59,929 - INFO - Handling 1640 missing values in Customer_Satisfaction_After
2025-06-12 00:16:59,931 - INFO - Filled missing values in Customer_Satisfaction_After with 73.87
2025-06-12 00:16:59,931 - INFO - 4. After Missing Values: Shape (10000, 7)
2025-06-12 00:16:59,932 - INFO -   Sales_Before: min=50.90, max=453.11, mean=203.79
2025-06-12 00:16:59,933 - INFO -   Sales_After: min=53.42, max=683.18, mean=280.53
2025-06-12 00:16:59,934 - INFO -   Customer_Satisfaction_Before: min=22.20, max=100.00, mean=70.25
2025-06-12 00:16:59,937 - INFO - Found 327 outliers in Sales_Before (bounds: 88 - 317)
2025-06-12 00:16:59,938 - INFO - Capped outliers in Sales_Before
2025-06-12 00:16:59,941 - INFO - Found 194 outliers in Sales_After (bounds: 76 - 477)
2025-06-12 00:16:59,941 - INFO - Capped outliers in Sales_After
2025-06-12 00:16:59,945 - INFO - Found 7 outliers in Customer_Satisfaction_Before (bounds: 27 - 112)
2025-06-12 00:16:59,946 - INFO - Capped outliers in Customer_Satisfaction_Before
2025-06-12 00:16:59,948 - INFO - Found 17 outliers in Customer_Satisfaction_After (bounds: 28 - 121)
2025-06-12 00:16:59,949 - INFO - Capped outliers in Customer_Satisfaction_After
2025-06-12 00:16:59,951 - INFO - 5. After Outliers: Shape (10000, 7)
2025-06-12 00:16:59,951 - INFO -   Sales_Before: min=88.04, max=316.72, mean=203.42
2025-06-12 00:16:59,953 - INFO -   Sales_After: min=75.68, max=477.37, mean=279.76
2025-06-12 00:16:59,953 - INFO -   Customer_Satisfaction_Before: min=27.01, max=100.00, mean=70.25
2025-06-12 00:16:59,964 - INFO - Removed 5 duplicate rows
2025-06-12 00:16:59,964 - INFO - 6. After Duplicates: Shape (9995, 7)
2025-06-12 00:16:59,965 - INFO -   Sales_Before: min=88.04, max=316.72, mean=203.42
2025-06-12 00:16:59,966 - INFO -   Sales_After: min=75.68, max=477.37, mean=279.74
2025-06-12 00:16:59,967 - INFO -   Customer_Satisfaction_Before: min=27.01, max=100.00, mean=70.25
2025-06-12 00:16:59,967 - INFO - Adjusting precision for 4 columns: ['Sales_Before', 'Sales_After', 'Customer_Satisfaction_Before', 'Customer_Satisfaction_After']
2025-06-12 00:16:59,967 - INFO - Adjusted precision of Sales_Before to 2 decimal places
2025-06-12 00:16:59,968 - INFO - Adjusted precision of Sales_After to 2 decimal places
2025-06-12 00:16:59,968 - INFO - Adjusted precision of Customer_Satisfaction_Before to 1 decimal places
2025-06-12 00:16:59,969 - INFO - Adjusted precision of Customer_Satisfaction_After to 1 decimal places
2025-06-12 00:16:59,969 - INFO - 7. Final Data: Shape (9995, 7)
2025-06-12 00:16:59,970 - INFO -   Sales_Before: min=88.04, max=316.72, mean=203.42
2025-06-12 00:16:59,970 - INFO -   Sales_After: min=75.68, max=477.37, mean=279.74
2025-06-12 00:16:59,971 - INFO -   Customer_Satisfaction_Before: min=27.00, max=100.00, mean=70.26
2025-06-12 00:16:59,973 - ERROR - Failed to generate cleaning report: 'charmap' codec can't encode character '\u2192' in position 19: character maps to <undefined>
2025-06-12 00:16:59,973 - INFO - Cleaning report generated at cleaned_output_report.txt
2025-06-12 00:17:00,022 - INFO - Cleaned data saved to cleaned_output.csv
2025-06-12 00:17:00,038 - INFO - 
========================================
Total execution time: 0.19 seconds
========================================
2025-06-12 00:22:18,408 - INFO - Using default cleaning configuration
2025-06-12 00:22:18,408 - INFO - Loading dataset from data.csv
2025-06-12 00:22:18,454 - INFO - Initial shape: (10000, 7)
2025-06-12 00:22:18,456 - INFO - Created data cleaning pipeline with 13 steps
2025-06-12 00:22:18,457 - INFO - 1. Initial Data: Shape (10000, 7)
2025-06-12 00:22:18,459 - INFO -   Sales_Before: min=24.85, max=545.42, mean=203.72
2025-06-12 00:22:18,459 - INFO -   Sales_After: min=32.41, max=818.22, mean=280.46
2025-06-12 00:22:18,460 - INFO -   Customer_Satisfaction_Before: min=22.20, max=100.00, mean=70.25
2025-06-12 00:22:18,462 - INFO - Converted Sales_Before to numeric (0 values became NaN)
2025-06-12 00:22:18,465 - INFO - Converted Sales_After to numeric (0 values became NaN)
2025-06-12 00:22:18,467 - INFO - Converted Customer_Satisfaction_Before to numeric (0 values became NaN)
2025-06-12 00:22:18,468 - INFO - Converted Customer_Satisfaction_After to numeric (0 values became NaN)
2025-06-12 00:22:18,469 - INFO - 2. After Type Conversion: Shape (10000, 7)
2025-06-12 00:22:18,472 - INFO -   Sales_Before: min=24.85, max=545.42, mean=203.72
2025-06-12 00:22:18,477 - INFO -   Sales_After: min=32.41, max=818.22, mean=280.46
2025-06-12 00:22:18,480 - INFO -   Customer_Satisfaction_Before: min=22.20, max=100.00, mean=70.25
2025-06-12 00:22:18,484 - INFO - Found 10 constraint violations in Sales_Before
2025-06-12 00:22:18,489 - INFO - Corrected 10 invalid values in Sales_Before with 203.36
2025-06-12 00:22:18,494 - INFO - Found 6 constraint violations in Sales_After
2025-06-12 00:22:18,495 - INFO - Corrected 6 invalid values in Sales_After with 273.20
2025-06-12 00:22:18,498 - INFO - 3. After Error Correction: Shape (10000, 7)
2025-06-12 00:22:18,500 - INFO -   Sales_Before: min=50.90, max=453.11, mean=203.79
2025-06-12 00:22:18,501 - INFO -   Sales_After: min=53.42, max=683.18, mean=280.53
2025-06-12 00:22:18,501 - INFO -   Customer_Satisfaction_Before: min=22.20, max=100.00, mean=70.25
2025-06-12 00:22:18,502 - INFO - Handling 1522 missing values in Sales_Before
2025-06-12 00:22:18,503 - INFO - Filled missing values in Sales_Before with 203.79
2025-06-12 00:22:18,504 - INFO - Handling 767 missing values in Sales_After
2025-06-12 00:22:18,505 - INFO - Filled missing values in Sales_After with 280.53
2025-06-12 00:22:18,505 - INFO - Handling 1670 missing values in Customer_Satisfaction_Before
2025-06-12 00:22:18,506 - INFO - Filled missing values in Customer_Satisfaction_Before with 70.25
2025-06-12 00:22:18,506 - INFO - Handling 1640 missing values in Customer_Satisfaction_After
2025-06-12 00:22:18,507 - INFO - Filled missing values in Customer_Satisfaction_After with 73.87
2025-06-12 00:22:18,508 - INFO - 4. After Missing Values: Shape (10000, 7)
2025-06-12 00:22:18,509 - INFO -   Sales_Before: min=50.90, max=453.11, mean=203.79
2025-06-12 00:22:18,509 - INFO -   Sales_After: min=53.42, max=683.18, mean=280.53
2025-06-12 00:22:18,510 - INFO -   Customer_Satisfaction_Before: min=22.20, max=100.00, mean=70.25
2025-06-12 00:22:18,513 - INFO - Found 327 outliers in Sales_Before (bounds: 88 - 317)
2025-06-12 00:22:18,517 - INFO - Capped outliers in Sales_Before
2025-06-12 00:22:18,521 - INFO - Found 194 outliers in Sales_After (bounds: 76 - 477)
2025-06-12 00:22:18,523 - INFO - Capped outliers in Sales_After
2025-06-12 00:22:18,525 - INFO - Found 7 outliers in Customer_Satisfaction_Before (bounds: 27 - 112)
2025-06-12 00:22:18,526 - INFO - Capped outliers in Customer_Satisfaction_Before
2025-06-12 00:22:18,529 - INFO - Found 17 outliers in Customer_Satisfaction_After (bounds: 28 - 121)
2025-06-12 00:22:18,530 - INFO - Capped outliers in Customer_Satisfaction_After
2025-06-12 00:22:18,531 - INFO - 5. After Outliers: Shape (10000, 7)
2025-06-12 00:22:18,532 - INFO -   Sales_Before: min=88.04, max=316.72, mean=203.42
2025-06-12 00:22:18,532 - INFO -   Sales_After: min=75.68, max=477.37, mean=279.76
2025-06-12 00:22:18,533 - INFO -   Customer_Satisfaction_Before: min=27.01, max=100.00, mean=70.25
2025-06-12 00:22:18,541 - INFO - Removed 5 duplicate rows
2025-06-12 00:22:18,541 - INFO - 6. After Duplicates: Shape (9995, 7)
2025-06-12 00:22:18,542 - INFO -   Sales_Before: min=88.04, max=316.72, mean=203.42
2025-06-12 00:22:18,543 - INFO -   Sales_After: min=75.68, max=477.37, mean=279.74
2025-06-12 00:22:18,543 - INFO -   Customer_Satisfaction_Before: min=27.01, max=100.00, mean=70.25
2025-06-12 00:22:18,543 - INFO - Adjusting precision for 4 columns: ['Sales_Before', 'Sales_After', 'Customer_Satisfaction_Before', 'Customer_Satisfaction_After']
2025-06-12 00:22:18,544 - INFO - Adjusted precision of Sales_Before to 2 decimal places
2025-06-12 00:22:18,545 - INFO - Adjusted precision of Sales_After to 2 decimal places
2025-06-12 00:22:18,547 - INFO - Adjusted precision of Customer_Satisfaction_Before to 1 decimal places
2025-06-12 00:22:18,547 - INFO - Adjusted precision of Customer_Satisfaction_After to 1 decimal places
2025-06-12 00:22:18,548 - INFO - 7. Final Data: Shape (9995, 7)
2025-06-12 00:22:18,549 - INFO -   Sales_Before: min=88.04, max=316.72, mean=203.42
2025-06-12 00:22:18,549 - INFO -   Sales_After: min=75.68, max=477.37, mean=279.74
2025-06-12 00:22:18,550 - INFO -   Customer_Satisfaction_Before: min=27.00, max=100.00, mean=70.26
2025-06-12 00:22:18,593 - INFO - Cleaned data saved to cleaned_output.csv
2025-06-12 00:22:18,605 - INFO - 
========================================
Total execution time: 0.20 seconds
========================================
2025-06-12 00:24:05,431 - INFO - Using default cleaning configuration
2025-06-12 00:24:05,432 - INFO - Loading dataset from data.csv
2025-06-12 00:24:05,456 - INFO - Initial shape: (10000, 7)
2025-06-12 00:24:05,456 - INFO - Created data cleaning pipeline with 13 steps
2025-06-12 00:24:05,456 - INFO - 1. Initial Data: Shape (10000, 7)
2025-06-12 00:24:05,465 - INFO -   Sales_Before: min=24.85, max=545.42, mean=203.72
2025-06-12 00:24:05,478 - INFO -   Sales_After: min=32.41, max=818.22, mean=280.46
2025-06-12 00:24:05,479 - INFO -   Customer_Satisfaction_Before: min=22.20, max=100.00, mean=70.25
2025-06-12 00:24:05,481 - INFO - Converted Sales_Before to numeric (0 values became NaN)
2025-06-12 00:24:05,483 - INFO - Converted Sales_After to numeric (0 values became NaN)
2025-06-12 00:24:05,496 - INFO - Converted Customer_Satisfaction_Before to numeric (0 values became NaN)
2025-06-12 00:24:05,499 - INFO - Converted Customer_Satisfaction_After to numeric (0 values became NaN)
2025-06-12 00:24:05,500 - INFO - 2. After Type Conversion: Shape (10000, 7)
2025-06-12 00:24:05,510 - INFO -   Sales_Before: min=24.85, max=545.42, mean=203.72
2025-06-12 00:24:05,521 - INFO -   Sales_After: min=32.41, max=818.22, mean=280.46
2025-06-12 00:24:05,523 - INFO -   Customer_Satisfaction_Before: min=22.20, max=100.00, mean=70.25
2025-06-12 00:24:05,525 - INFO - Found 10 constraint violations in Sales_Before
2025-06-12 00:24:05,529 - INFO - Corrected 10 invalid values in Sales_Before with 203.36
2025-06-12 00:24:05,530 - INFO - Found 6 constraint violations in Sales_After
2025-06-12 00:24:05,532 - INFO - Corrected 6 invalid values in Sales_After with 273.20
2025-06-12 00:24:05,533 - INFO - 3. After Error Correction: Shape (10000, 7)
2025-06-12 00:24:05,535 - INFO -   Sales_Before: min=50.90, max=453.11, mean=203.79
2025-06-12 00:24:05,536 - INFO -   Sales_After: min=53.42, max=683.18, mean=280.53
2025-06-12 00:24:05,536 - INFO -   Customer_Satisfaction_Before: min=22.20, max=100.00, mean=70.25
2025-06-12 00:24:05,537 - INFO - Handling 1522 missing values in Sales_Before
2025-06-12 00:24:05,538 - INFO - Filled missing values in Sales_Before with 203.79
2025-06-12 00:24:05,540 - INFO - Handling 767 missing values in Sales_After
2025-06-12 00:24:05,541 - INFO - Filled missing values in Sales_After with 280.53
2025-06-12 00:24:05,542 - INFO - Handling 1670 missing values in Customer_Satisfaction_Before
2025-06-12 00:24:05,543 - INFO - Filled missing values in Customer_Satisfaction_Before with 70.25
2025-06-12 00:24:05,544 - INFO - Handling 1640 missing values in Customer_Satisfaction_After
2025-06-12 00:24:05,545 - INFO - Filled missing values in Customer_Satisfaction_After with 73.87
2025-06-12 00:24:05,545 - INFO - 4. After Missing Values: Shape (10000, 7)
2025-06-12 00:24:05,548 - INFO -   Sales_Before: min=50.90, max=453.11, mean=203.79
2025-06-12 00:24:05,549 - INFO -   Sales_After: min=53.42, max=683.18, mean=280.53
2025-06-12 00:24:05,549 - INFO -   Customer_Satisfaction_Before: min=22.20, max=100.00, mean=70.25
2025-06-12 00:24:05,552 - INFO - Found 327 outliers in Sales_Before (bounds: 88 - 317)
2025-06-12 00:24:05,553 - INFO - Capped outliers in Sales_Before
2025-06-12 00:24:05,555 - INFO - Found 194 outliers in Sales_After (bounds: 76 - 477)
2025-06-12 00:24:05,556 - INFO - Capped outliers in Sales_After
2025-06-12 00:24:05,559 - INFO - Found 7 outliers in Customer_Satisfaction_Before (bounds: 27 - 112)
2025-06-12 00:24:05,560 - INFO - Capped outliers in Customer_Satisfaction_Before
2025-06-12 00:24:05,562 - INFO - Found 17 outliers in Customer_Satisfaction_After (bounds: 28 - 121)
2025-06-12 00:24:05,563 - INFO - Capped outliers in Customer_Satisfaction_After
2025-06-12 00:24:05,563 - INFO - 5. After Outliers: Shape (10000, 7)
2025-06-12 00:24:05,565 - INFO -   Sales_Before: min=88.04, max=316.72, mean=203.42
2025-06-12 00:24:05,565 - INFO -   Sales_After: min=75.68, max=477.37, mean=279.76
2025-06-12 00:24:05,565 - INFO -   Customer_Satisfaction_Before: min=27.01, max=100.00, mean=70.25
2025-06-12 00:24:05,573 - INFO - Removed 5 duplicate rows
2025-06-12 00:24:05,573 - INFO - 6. After Duplicates: Shape (9995, 7)
2025-06-12 00:24:05,575 - INFO -   Sales_Before: min=88.04, max=316.72, mean=203.42
2025-06-12 00:24:05,576 - INFO -   Sales_After: min=75.68, max=477.37, mean=279.74
2025-06-12 00:24:05,576 - INFO -   Customer_Satisfaction_Before: min=27.01, max=100.00, mean=70.25
2025-06-12 00:24:05,576 - INFO - Adjusting precision for 4 columns: ['Sales_Before', 'Sales_After', 'Customer_Satisfaction_Before', 'Customer_Satisfaction_After']
2025-06-12 00:24:05,577 - INFO - Adjusted precision of Sales_Before to 2 decimal places
2025-06-12 00:24:05,578 - INFO - Adjusted precision of Sales_After to 2 decimal places
2025-06-12 00:24:05,578 - INFO - Adjusted precision of Customer_Satisfaction_Before to 1 decimal places
2025-06-12 00:24:05,578 - INFO - Adjusted precision of Customer_Satisfaction_After to 1 decimal places
2025-06-12 00:24:05,579 - INFO - 7. Final Data: Shape (9995, 7)
2025-06-12 00:24:05,580 - INFO -   Sales_Before: min=88.04, max=316.72, mean=203.42
2025-06-12 00:24:05,580 - INFO -   Sales_After: min=75.68, max=477.37, mean=279.74
2025-06-12 00:24:05,581 - INFO -   Customer_Satisfaction_Before: min=27.00, max=100.00, mean=70.26
2025-06-12 00:24:05,623 - INFO - Cleaned data saved to cleaned_output.csv
2025-06-12 00:24:05,625 - ERROR - Failed to generate cleaning report: 'charmap' codec can't encode character '\u2192' in position 19: character maps to <undefined>
2025-06-12 00:24:05,626 - INFO - Cleaning report generated at cleaned_output_report.txt
2025-06-12 00:24:05,638 - INFO - 
========================================
Total execution time: 0.21 seconds
========================================
2025-06-12 00:24:57,309 - INFO - Using default cleaning configuration
2025-06-12 00:24:57,318 - INFO - Loading dataset from data.csv
2025-06-12 00:24:57,352 - INFO - Initial shape: (10000, 7)
2025-06-12 00:24:57,353 - INFO - Created data cleaning pipeline with 13 steps
2025-06-12 00:24:57,353 - INFO - 1. Initial Data: Shape (10000, 7)
2025-06-12 00:24:57,356 - INFO -   Sales_Before: min=24.85, max=545.42, mean=203.72
2025-06-12 00:24:57,357 - INFO -   Sales_After: min=32.41, max=818.22, mean=280.46
2025-06-12 00:24:57,358 - INFO -   Customer_Satisfaction_Before: min=22.20, max=100.00, mean=70.25
2025-06-12 00:24:57,359 - INFO - Converted Sales_Before to numeric (0 values became NaN)
2025-06-12 00:24:57,360 - INFO - Converted Sales_After to numeric (0 values became NaN)
2025-06-12 00:24:57,361 - INFO - Converted Customer_Satisfaction_Before to numeric (0 values became NaN)
2025-06-12 00:24:57,361 - INFO - Converted Customer_Satisfaction_After to numeric (0 values became NaN)
2025-06-12 00:24:57,362 - INFO - 2. After Type Conversion: Shape (10000, 7)
2025-06-12 00:24:57,363 - INFO -   Sales_Before: min=24.85, max=545.42, mean=203.72
2025-06-12 00:24:57,364 - INFO -   Sales_After: min=32.41, max=818.22, mean=280.46
2025-06-12 00:24:57,365 - INFO -   Customer_Satisfaction_Before: min=22.20, max=100.00, mean=70.25
2025-06-12 00:24:57,367 - INFO - Found 10 constraint violations in Sales_Before
2025-06-12 00:24:57,370 - INFO - Corrected 10 invalid values in Sales_Before with 203.36
2025-06-12 00:24:57,372 - INFO - Found 6 constraint violations in Sales_After
2025-06-12 00:24:57,373 - INFO - Corrected 6 invalid values in Sales_After with 273.20
2025-06-12 00:24:57,375 - INFO - 3. After Error Correction: Shape (10000, 7)
2025-06-12 00:24:57,377 - INFO -   Sales_Before: min=50.90, max=453.11, mean=203.79
2025-06-12 00:24:57,378 - INFO -   Sales_After: min=53.42, max=683.18, mean=280.53
2025-06-12 00:24:57,378 - INFO -   Customer_Satisfaction_Before: min=22.20, max=100.00, mean=70.25
2025-06-12 00:24:57,379 - INFO - Handling 1522 missing values in Sales_Before
2025-06-12 00:24:57,380 - INFO - Filled missing values in Sales_Before with 203.79
2025-06-12 00:24:57,381 - INFO - Handling 767 missing values in Sales_After
2025-06-12 00:24:57,382 - INFO - Filled missing values in Sales_After with 280.53
2025-06-12 00:24:57,383 - INFO - Handling 1670 missing values in Customer_Satisfaction_Before
2025-06-12 00:24:57,384 - INFO - Filled missing values in Customer_Satisfaction_Before with 70.25
2025-06-12 00:24:57,385 - INFO - Handling 1640 missing values in Customer_Satisfaction_After
2025-06-12 00:24:57,385 - INFO - Filled missing values in Customer_Satisfaction_After with 73.87
2025-06-12 00:24:57,386 - INFO - 4. After Missing Values: Shape (10000, 7)
2025-06-12 00:24:57,387 - INFO -   Sales_Before: min=50.90, max=453.11, mean=203.79
2025-06-12 00:24:57,387 - INFO -   Sales_After: min=53.42, max=683.18, mean=280.53
2025-06-12 00:24:57,388 - INFO -   Customer_Satisfaction_Before: min=22.20, max=100.00, mean=70.25
2025-06-12 00:24:57,391 - INFO - Found 327 outliers in Sales_Before (bounds: 88 - 317)
2025-06-12 00:24:57,392 - INFO - Capped outliers in Sales_Before
2025-06-12 00:24:57,395 - INFO - Found 194 outliers in Sales_After (bounds: 76 - 477)
2025-06-12 00:24:57,396 - INFO - Capped outliers in Sales_After
2025-06-12 00:24:57,399 - INFO - Found 7 outliers in Customer_Satisfaction_Before (bounds: 27 - 112)
2025-06-12 00:24:57,400 - INFO - Capped outliers in Customer_Satisfaction_Before
2025-06-12 00:24:57,402 - INFO - Found 17 outliers in Customer_Satisfaction_After (bounds: 28 - 121)
2025-06-12 00:24:57,403 - INFO - Capped outliers in Customer_Satisfaction_After
2025-06-12 00:24:57,403 - INFO - 5. After Outliers: Shape (10000, 7)
2025-06-12 00:24:57,404 - INFO -   Sales_Before: min=88.04, max=316.72, mean=203.42
2025-06-12 00:24:57,406 - INFO -   Sales_After: min=75.68, max=477.37, mean=279.76
2025-06-12 00:24:57,407 - INFO -   Customer_Satisfaction_Before: min=27.01, max=100.00, mean=70.25
2025-06-12 00:24:57,416 - INFO - Removed 5 duplicate rows
2025-06-12 00:24:57,416 - INFO - 6. After Duplicates: Shape (9995, 7)
2025-06-12 00:24:57,418 - INFO -   Sales_Before: min=88.04, max=316.72, mean=203.42
2025-06-12 00:24:57,418 - INFO -   Sales_After: min=75.68, max=477.37, mean=279.74
2025-06-12 00:24:57,419 - INFO -   Customer_Satisfaction_Before: min=27.01, max=100.00, mean=70.25
2025-06-12 00:24:57,419 - INFO - Adjusting precision for 4 columns: ['Sales_Before', 'Sales_After', 'Customer_Satisfaction_Before', 'Customer_Satisfaction_After']
2025-06-12 00:24:57,419 - INFO - Adjusted precision of Sales_Before to 2 decimal places
2025-06-12 00:24:57,420 - INFO - Adjusted precision of Sales_After to 2 decimal places
2025-06-12 00:24:57,421 - INFO - Adjusted precision of Customer_Satisfaction_Before to 1 decimal places
2025-06-12 00:24:57,421 - INFO - Adjusted precision of Customer_Satisfaction_After to 1 decimal places
2025-06-12 00:24:57,421 - INFO - 7. Final Data: Shape (9995, 7)
2025-06-12 00:24:57,422 - INFO -   Sales_Before: min=88.04, max=316.72, mean=203.42
2025-06-12 00:24:57,423 - INFO -   Sales_After: min=75.68, max=477.37, mean=279.74
2025-06-12 00:24:57,423 - INFO -   Customer_Satisfaction_Before: min=27.00, max=100.00, mean=70.26
2025-06-12 00:24:57,473 - INFO - Cleaned data saved to cleaned_output.csv
2025-06-12 00:24:57,475 - ERROR - Failed to generate cleaning report: 'charmap' codec can't encode character '\u2192' in position 19: character maps to <undefined>
2025-06-12 00:24:57,475 - INFO - Cleaning report generated at textreport.txt
2025-06-12 00:24:57,488 - INFO - 
========================================
Total execution time: 0.18 seconds
========================================
2025-06-12 00:44:32,685 - INFO - Using default cleaning configuration
2025-06-12 00:44:32,685 - INFO - Loading dataset from data.csv
2025-06-12 00:44:32,702 - INFO - Initial shape: (10000, 7)
2025-06-12 00:44:32,702 - INFO - Created data cleaning pipeline with 13 steps
2025-06-12 00:44:32,702 - INFO - 1. Initial Data: Shape (10000, 7)
2025-06-12 00:44:32,703 - INFO -   Sales_Before: min=24.85, max=545.42, mean=203.72
2025-06-12 00:44:32,703 - INFO -   Sales_After: min=32.41, max=818.22, mean=280.46
2025-06-12 00:44:32,704 - INFO -   Customer_Satisfaction_Before: min=22.20, max=100.00, mean=70.25
2025-06-12 00:44:32,704 - INFO - Converted Sales_Before to numeric (0 values became NaN)
2025-06-12 00:44:32,706 - INFO - Converted Sales_After to numeric (0 values became NaN)
2025-06-12 00:44:32,706 - INFO - Converted Customer_Satisfaction_Before to numeric (0 values became NaN)
2025-06-12 00:44:32,707 - INFO - Converted Customer_Satisfaction_After to numeric (0 values became NaN)
2025-06-12 00:44:32,707 - INFO - 2. After Type Conversion: Shape (10000, 7)
2025-06-12 00:44:32,708 - INFO -   Sales_Before: min=24.85, max=545.42, mean=203.72
2025-06-12 00:44:32,709 - INFO -   Sales_After: min=32.41, max=818.22, mean=280.46
2025-06-12 00:44:32,710 - INFO -   Customer_Satisfaction_Before: min=22.20, max=100.00, mean=70.25
2025-06-12 00:44:32,714 - INFO - Found 10 constraint violations in Sales_Before
2025-06-12 00:44:32,716 - INFO - Corrected 10 invalid values in Sales_Before with 203.36
2025-06-12 00:44:32,717 - INFO - Found 6 constraint violations in Sales_After
2025-06-12 00:44:32,718 - INFO - Corrected 6 invalid values in Sales_After with 273.20
2025-06-12 00:44:32,720 - INFO - 3. After Error Correction: Shape (10000, 7)
2025-06-12 00:44:32,721 - INFO -   Sales_Before: min=50.90, max=453.11, mean=203.79
2025-06-12 00:44:32,722 - INFO -   Sales_After: min=53.42, max=683.18, mean=280.53
2025-06-12 00:44:32,722 - INFO -   Customer_Satisfaction_Before: min=22.20, max=100.00, mean=70.25
2025-06-12 00:44:32,723 - INFO - Handling 1522 missing values in Sales_Before
2025-06-12 00:44:32,724 - INFO - Filled missing values in Sales_Before with 203.79
2025-06-12 00:44:32,724 - INFO - Handling 767 missing values in Sales_After
2025-06-12 00:44:32,724 - INFO - Filled missing values in Sales_After with 280.53
2025-06-12 00:44:32,725 - INFO - Handling 1670 missing values in Customer_Satisfaction_Before
2025-06-12 00:44:32,725 - INFO - Filled missing values in Customer_Satisfaction_Before with 70.25
2025-06-12 00:44:32,726 - INFO - Handling 1640 missing values in Customer_Satisfaction_After
2025-06-12 00:44:32,726 - INFO - Filled missing values in Customer_Satisfaction_After with 73.87
2025-06-12 00:44:32,726 - INFO - 4. After Missing Values: Shape (10000, 7)
2025-06-12 00:44:32,728 - INFO -   Sales_Before: min=50.90, max=453.11, mean=203.79
2025-06-12 00:44:32,728 - INFO -   Sales_After: min=53.42, max=683.18, mean=280.53
2025-06-12 00:44:32,729 - INFO -   Customer_Satisfaction_Before: min=22.20, max=100.00, mean=70.25
2025-06-12 00:44:32,731 - INFO - Found 327 outliers in Sales_Before (bounds: 88 - 317)
2025-06-12 00:44:32,732 - INFO - Capped outliers in Sales_Before
2025-06-12 00:44:32,735 - INFO - Found 194 outliers in Sales_After (bounds: 76 - 477)
2025-06-12 00:44:32,736 - INFO - Capped outliers in Sales_After
2025-06-12 00:44:32,738 - INFO - Found 7 outliers in Customer_Satisfaction_Before (bounds: 27 - 112)
2025-06-12 00:44:32,739 - INFO - Capped outliers in Customer_Satisfaction_Before
2025-06-12 00:44:32,743 - INFO - Found 17 outliers in Customer_Satisfaction_After (bounds: 28 - 121)
2025-06-12 00:44:32,744 - INFO - Capped outliers in Customer_Satisfaction_After
2025-06-12 00:44:32,745 - INFO - 5. After Outliers: Shape (10000, 7)
2025-06-12 00:44:32,746 - INFO -   Sales_Before: min=88.04, max=316.72, mean=203.42
2025-06-12 00:44:32,746 - INFO -   Sales_After: min=75.68, max=477.37, mean=279.76
2025-06-12 00:44:32,747 - INFO -   Customer_Satisfaction_Before: min=27.01, max=100.00, mean=70.25
2025-06-12 00:44:32,756 - INFO - Removed 5 duplicate rows
2025-06-12 00:44:32,756 - INFO - 6. After Duplicates: Shape (9995, 7)
2025-06-12 00:44:32,758 - INFO -   Sales_Before: min=88.04, max=316.72, mean=203.42
2025-06-12 00:44:32,758 - INFO -   Sales_After: min=75.68, max=477.37, mean=279.74
2025-06-12 00:44:32,758 - INFO -   Customer_Satisfaction_Before: min=27.01, max=100.00, mean=70.25
2025-06-12 00:44:32,759 - INFO - Adjusting precision for 4 columns: ['Sales_Before', 'Sales_After', 'Customer_Satisfaction_Before', 'Customer_Satisfaction_After']
2025-06-12 00:44:32,759 - INFO - Adjusted precision of Sales_Before to 2 decimal places
2025-06-12 00:44:32,761 - INFO - Adjusted precision of Sales_After to 2 decimal places
2025-06-12 00:44:32,761 - INFO - Adjusted precision of Customer_Satisfaction_Before to 1 decimal places
2025-06-12 00:44:32,761 - INFO - Adjusted precision of Customer_Satisfaction_After to 1 decimal places
2025-06-12 00:44:32,762 - INFO - 7. Final Data: Shape (9995, 7)
2025-06-12 00:44:32,762 - INFO -   Sales_Before: min=88.04, max=316.72, mean=203.42
2025-06-12 00:44:32,763 - INFO -   Sales_After: min=75.68, max=477.37, mean=279.74
2025-06-12 00:44:32,763 - INFO -   Customer_Satisfaction_Before: min=27.00, max=100.00, mean=70.26
2025-06-12 00:44:32,802 - INFO - Cleaned data saved to cleaned_output.csv
2025-06-12 00:44:32,810 - INFO - Numeric cleaning report saved to cleaned_output_report.txt
2025-06-12 00:44:32,810 - INFO - Cleaning report generated at cleaned_output_report.txt
2025-06-12 00:44:32,820 - INFO - 
========================================
Total execution time: 0.14 seconds
========================================
2025-06-12 00:49:05,699 - INFO - Using default cleaning configuration
2025-06-12 00:49:05,699 - INFO - Loading dataset from data.csv
2025-06-12 00:49:05,725 - INFO - Initial shape: (10000, 7)
2025-06-12 00:49:05,726 - INFO - Created data cleaning pipeline with 13 steps
2025-06-12 00:49:05,726 - INFO - 1. Initial Data: Shape (10000, 7)
2025-06-12 00:49:05,728 - INFO -   Sales_Before: min=24.85, max=545.42, mean=203.72
2025-06-12 00:49:05,729 - INFO -   Sales_After: min=32.41, max=818.22, mean=280.46
2025-06-12 00:49:05,729 - INFO -   Customer_Satisfaction_Before: min=22.20, max=100.00, mean=70.25
2025-06-12 00:49:05,730 - INFO - Converted Sales_Before to numeric (0 values became NaN)
2025-06-12 00:49:05,731 - INFO - Converted Sales_After to numeric (0 values became NaN)
2025-06-12 00:49:05,732 - INFO - Converted Customer_Satisfaction_Before to numeric (0 values became NaN)
2025-06-12 00:49:05,732 - INFO - Converted Customer_Satisfaction_After to numeric (0 values became NaN)
2025-06-12 00:49:05,732 - INFO - 2. After Type Conversion: Shape (10000, 7)
2025-06-12 00:49:05,734 - INFO -   Sales_Before: min=24.85, max=545.42, mean=203.72
2025-06-12 00:49:05,734 - INFO -   Sales_After: min=32.41, max=818.22, mean=280.46
2025-06-12 00:49:05,735 - INFO -   Customer_Satisfaction_Before: min=22.20, max=100.00, mean=70.25
2025-06-12 00:49:05,737 - INFO - Found 10 constraint violations in Sales_Before
2025-06-12 00:49:05,740 - INFO - Corrected 10 invalid values in Sales_Before with 203.36
2025-06-12 00:49:05,743 - INFO - Found 6 constraint violations in Sales_After
2025-06-12 00:49:05,745 - INFO - Corrected 6 invalid values in Sales_After with 273.20
2025-06-12 00:49:05,746 - INFO - 3. After Error Correction: Shape (10000, 7)
2025-06-12 00:49:05,747 - INFO -   Sales_Before: min=50.90, max=453.11, mean=203.79
2025-06-12 00:49:05,748 - INFO -   Sales_After: min=53.42, max=683.18, mean=280.53
2025-06-12 00:49:05,748 - INFO -   Customer_Satisfaction_Before: min=22.20, max=100.00, mean=70.25
2025-06-12 00:49:05,749 - INFO - Handling 1522 missing values in Sales_Before
2025-06-12 00:49:05,750 - INFO - Filled missing values in Sales_Before with 203.79
2025-06-12 00:49:05,750 - INFO - Handling 767 missing values in Sales_After
2025-06-12 00:49:05,751 - INFO - Filled missing values in Sales_After with 280.53
2025-06-12 00:49:05,752 - INFO - Handling 1670 missing values in Customer_Satisfaction_Before
2025-06-12 00:49:05,753 - INFO - Filled missing values in Customer_Satisfaction_Before with 70.25
2025-06-12 00:49:05,753 - INFO - Handling 1640 missing values in Customer_Satisfaction_After
2025-06-12 00:49:05,754 - INFO - Filled missing values in Customer_Satisfaction_After with 73.87
2025-06-12 00:49:05,754 - INFO - 4. After Missing Values: Shape (10000, 7)
2025-06-12 00:49:05,755 - INFO -   Sales_Before: min=50.90, max=453.11, mean=203.79
2025-06-12 00:49:05,756 - INFO -   Sales_After: min=53.42, max=683.18, mean=280.53
2025-06-12 00:49:05,757 - INFO -   Customer_Satisfaction_Before: min=22.20, max=100.00, mean=70.25
2025-06-12 00:49:05,759 - INFO - Found 327 outliers in Sales_Before (bounds: 88 - 317)
2025-06-12 00:49:05,760 - INFO - Capped outliers in Sales_Before
2025-06-12 00:49:05,761 - INFO - Found 194 outliers in Sales_After (bounds: 76 - 477)
2025-06-12 00:49:05,762 - INFO - Capped outliers in Sales_After
2025-06-12 00:49:05,765 - INFO - Found 7 outliers in Customer_Satisfaction_Before (bounds: 27 - 112)
2025-06-12 00:49:05,766 - INFO - Capped outliers in Customer_Satisfaction_Before
2025-06-12 00:49:05,769 - INFO - Found 17 outliers in Customer_Satisfaction_After (bounds: 28 - 121)
2025-06-12 00:49:05,770 - INFO - Capped outliers in Customer_Satisfaction_After
2025-06-12 00:49:05,770 - INFO - 5. After Outliers: Shape (10000, 7)
2025-06-12 00:49:05,771 - INFO -   Sales_Before: min=88.04, max=316.72, mean=203.42
2025-06-12 00:49:05,772 - INFO -   Sales_After: min=75.68, max=477.37, mean=279.76
2025-06-12 00:49:05,772 - INFO -   Customer_Satisfaction_Before: min=27.01, max=100.00, mean=70.25
2025-06-12 00:49:05,782 - INFO - Removed 5 duplicate rows
2025-06-12 00:49:05,782 - INFO - 6. After Duplicates: Shape (9995, 7)
2025-06-12 00:49:05,783 - INFO -   Sales_Before: min=88.04, max=316.72, mean=203.42
2025-06-12 00:49:05,784 - INFO -   Sales_After: min=75.68, max=477.37, mean=279.74
2025-06-12 00:49:05,784 - INFO -   Customer_Satisfaction_Before: min=27.01, max=100.00, mean=70.25
2025-06-12 00:49:05,784 - INFO - Adjusting precision for 4 columns: ['Sales_Before', 'Sales_After', 'Customer_Satisfaction_Before', 'Customer_Satisfaction_After']
2025-06-12 00:49:05,785 - INFO - Adjusted precision of Sales_Before to 2 decimal places
2025-06-12 00:49:05,786 - INFO - Adjusted precision of Sales_After to 2 decimal places
2025-06-12 00:49:05,786 - INFO - Adjusted precision of Customer_Satisfaction_Before to 1 decimal places
2025-06-12 00:49:05,787 - INFO - Adjusted precision of Customer_Satisfaction_After to 1 decimal places
2025-06-12 00:49:05,787 - INFO - 7. Final Data: Shape (9995, 7)
2025-06-12 00:49:05,789 - INFO -   Sales_Before: min=88.04, max=316.72, mean=203.42
2025-06-12 00:49:05,789 - INFO -   Sales_After: min=75.68, max=477.37, mean=279.74
2025-06-12 00:49:05,790 - INFO -   Customer_Satisfaction_Before: min=27.00, max=100.00, mean=70.26
2025-06-12 00:49:05,826 - INFO - Cleaned data saved to cleaned_output.csv
2025-06-12 00:49:05,833 - INFO - Numeric cleaning report saved to textreport.txt
2025-06-12 00:49:05,833 - INFO - Cleaning report generated at textreport.txt
2025-06-12 00:49:05,845 - INFO - 
========================================
Total execution time: 0.15 seconds
========================================
