2025-06-12 10:45:00,474 - INFO - Downloaded NLTK resource: punkt
2025-06-12 10:45:00,477 - INFO - Downloaded NLTK resource: stopwords
2025-06-12 10:45:00,501 - INFO - Downloaded NLTK resource: wordnet
2025-06-12 10:45:00,528 - INFO - Data loaded in 0.02s
2025-06-12 10:45:00,606 - INFO - Auto-detected text column: OriginalTweet
2025-06-12 10:45:00,609 - INFO - Processing 16 chunks across 16 cores
2025-06-12 10:52:51,094 - INFO - Downloaded NLTK resource: punkt
2025-06-12 10:52:51,096 - INFO - Downloaded NLTK resource: stopwords
2025-06-12 10:52:51,119 - INFO - Downloaded NLTK resource: wordnet
2025-06-12 10:52:51,147 - INFO - Data loaded in 0.02s
2025-06-12 10:52:51,220 - INFO - Auto-detected text column: OriginalTweet
2025-06-12 10:52:51,232 - INFO - Processing 16 chunks across 16 cores
2025-06-12 10:55:11,616 - INFO - Downloaded NLTK resource: punkt
2025-06-12 10:55:11,619 - INFO - Downloaded NLTK resource: stopwords
2025-06-12 10:55:11,643 - INFO - Downloaded NLTK resource: wordnet
2025-06-12 10:55:11,674 - INFO - Data loaded in 0.03s
2025-06-12 10:55:11,742 - INFO - Auto-detected text column: OriginalTweet
2025-06-12 10:55:11,745 - INFO - Processing 16 chunks across 16 cores
2025-06-12 10:55:15,670 - INFO - Downloaded NLTK resource: punkt
2025-06-12 10:55:15,674 - INFO - Downloaded NLTK resource: stopwords
2025-06-12 10:55:15,683 - INFO - Downloaded NLTK resource: punkt
2025-06-12 10:55:15,686 - INFO - Downloaded NLTK resource: stopwords
2025-06-12 10:55:15,697 - INFO - Downloaded NLTK resource: wordnet
2025-06-12 10:55:15,708 - INFO - Downloaded NLTK resource: wordnet
2025-06-12 10:55:15,774 - INFO - Downloaded NLTK resource: punkt
2025-06-12 10:55:15,779 - INFO - Downloaded NLTK resource: stopwords
2025-06-12 10:55:15,780 - INFO - Downloaded NLTK resource: punkt
2025-06-12 10:55:15,784 - INFO - Downloaded NLTK resource: stopwords
2025-06-12 10:55:15,804 - INFO - Downloaded NLTK resource: wordnet
2025-06-12 10:55:15,808 - INFO - Downloaded NLTK resource: wordnet
2025-06-12 10:55:15,811 - INFO - Downloaded NLTK resource: punkt
2025-06-12 10:55:15,811 - INFO - Downloaded NLTK resource: punkt
2025-06-12 10:55:15,815 - INFO - Downloaded NLTK resource: stopwords
2025-06-12 10:55:15,815 - INFO - Downloaded NLTK resource: stopwords
2025-06-12 10:55:15,821 - INFO - Downloaded NLTK resource: punkt
2025-06-12 10:55:15,825 - INFO - Downloaded NLTK resource: stopwords
2025-06-12 10:55:15,832 - INFO - Downloaded NLTK resource: punkt
2025-06-12 10:55:15,832 - INFO - Downloaded NLTK resource: punkt
2025-06-12 10:55:15,833 - INFO - Downloaded NLTK resource: punkt
2025-06-12 10:55:15,836 - INFO - Downloaded NLTK resource: stopwords
2025-06-12 10:55:15,837 - INFO - Downloaded NLTK resource: stopwords
2025-06-12 10:55:15,837 - INFO - Downloaded NLTK resource: stopwords
2025-06-12 10:55:15,841 - INFO - Downloaded NLTK resource: punkt
2025-06-12 10:55:15,842 - INFO - Downloaded NLTK resource: wordnet
2025-06-12 10:55:15,845 - INFO - Downloaded NLTK resource: stopwords
2025-06-12 10:55:15,845 - INFO - Downloaded NLTK resource: wordnet
2025-06-12 10:55:15,865 - INFO - Downloaded NLTK resource: wordnet
2025-06-12 10:55:15,870 - INFO - Downloaded NLTK resource: punkt
2025-06-12 10:55:15,870 - INFO - Downloaded NLTK resource: wordnet
2025-06-12 10:55:15,871 - INFO - Downloaded NLTK resource: wordnet
2025-06-12 10:55:15,874 - INFO - Downloaded NLTK resource: stopwords
2025-06-12 10:55:15,875 - INFO - Downloaded NLTK resource: wordnet
2025-06-12 10:55:15,879 - INFO - Downloaded NLTK resource: punkt
2025-06-12 10:55:15,882 - INFO - Downloaded NLTK resource: wordnet
2025-06-12 10:55:15,883 - INFO - Downloaded NLTK resource: stopwords
2025-06-12 10:55:15,907 - INFO - Downloaded NLTK resource: wordnet
2025-06-12 10:55:15,923 - INFO - Downloaded NLTK resource: wordnet
2025-06-12 10:55:15,937 - INFO - Downloaded NLTK resource: punkt
2025-06-12 10:55:15,944 - INFO - Downloaded NLTK resource: stopwords
2025-06-12 10:55:15,944 - INFO - Downloaded NLTK resource: stopwords
2025-06-12 10:55:15,970 - INFO - Downloaded NLTK resource: wordnet
2025-06-12 10:55:15,983 - INFO - Downloaded NLTK resource: wordnet
2025-06-12 10:55:16,128 - INFO - Downloaded NLTK resource: punkt
2025-06-12 10:55:16,134 - INFO - Downloaded NLTK resource: stopwords
2025-06-12 10:55:16,166 - INFO - Downloaded NLTK resource: wordnet
2025-06-12 10:55:21,766 - INFO - Completed parallel cleaning
2025-06-12 10:55:21,772 - INFO - Cleaning completed in 10.03s
2025-06-12 10:55:21,829 - INFO - Text cleaning report saved to testdata\text_cleaning_report.txt
2025-06-12 10:55:21,831 - INFO - Report generated in 0.06s
2025-06-12 10:55:21,856 - INFO - Data saved to testdata\cleaned_text.csv in 0.02s
2025-06-12 10:55:21,856 - INFO - 
========================================
Total execution time: 10.21 seconds
========================================
2025-06-12 10:59:06,338 - INFO - Using default cleaning configuration
2025-06-12 10:59:06,338 - INFO - Loading dataset from data.csv
2025-06-12 10:59:06,339 - ERROR - Processing failed: [Errno 2] No such file or directory: 'data.csv'
Traceback (most recent call last):
  File "C:\sambhranta\projects\python package\mainnum.py", line 35, in main2
    df = pd.read_csv(input_path)
  File "C:\Users\HP\anaconda3\envs\aienv\lib\site-packages\pandas\io\parsers\readers.py", line 912, in read_csv
    return _read(filepath_or_buffer, kwds)
  File "C:\Users\HP\anaconda3\envs\aienv\lib\site-packages\pandas\io\parsers\readers.py", line 577, in _read
    parser = TextFileReader(filepath_or_buffer, **kwds)
  File "C:\Users\HP\anaconda3\envs\aienv\lib\site-packages\pandas\io\parsers\readers.py", line 1407, in __init__
    self._engine = self._make_engine(f, self.engine)
  File "C:\Users\HP\anaconda3\envs\aienv\lib\site-packages\pandas\io\parsers\readers.py", line 1661, in _make_engine
    self.handles = get_handle(
  File "C:\Users\HP\anaconda3\envs\aienv\lib\site-packages\pandas\io\common.py", line 859, in get_handle
    handle = open(
FileNotFoundError: [Errno 2] No such file or directory: 'data.csv'
2025-06-12 10:59:06,342 - INFO - 
========================================
Total execution time: 0.00 seconds
========================================
2025-06-12 10:59:06,342 - ERROR - An error occurred: [Errno 2] No such file or directory: 'data.csv'
2025-06-12 11:00:16,959 - INFO - Using default cleaning configuration
2025-06-12 11:00:16,959 - INFO - Loading dataset from testdata\data.csv
2025-06-12 11:00:16,996 - INFO - Initial shape: (10000, 7)
2025-06-12 11:00:16,996 - INFO - Created data cleaning pipeline with 13 steps
2025-06-12 11:00:16,997 - INFO - 1. Initial Data: Shape (10000, 7)
2025-06-12 11:00:16,998 - INFO -   Sales_Before: min=24.85, max=545.42, mean=203.72
2025-06-12 11:00:16,998 - INFO -   Sales_After: min=32.41, max=818.22, mean=280.46
2025-06-12 11:00:17,000 - INFO -   Customer_Satisfaction_Before: min=22.20, max=100.00, mean=70.25
2025-06-12 11:00:17,001 - INFO - Converted Sales_Before to numeric (0 values became NaN)
2025-06-12 11:00:17,002 - INFO - Converted Sales_After to numeric (0 values became NaN)
2025-06-12 11:00:17,002 - INFO - Converted Customer_Satisfaction_Before to numeric (0 values became NaN)
2025-06-12 11:00:17,003 - INFO - Converted Customer_Satisfaction_After to numeric (0 values became NaN)
2025-06-12 11:00:17,003 - INFO - 2. After Type Conversion: Shape (10000, 7)
2025-06-12 11:00:17,004 - INFO -   Sales_Before: min=24.85, max=545.42, mean=203.72
2025-06-12 11:00:17,005 - INFO -   Sales_After: min=32.41, max=818.22, mean=280.46
2025-06-12 11:00:17,005 - INFO -   Customer_Satisfaction_Before: min=22.20, max=100.00, mean=70.25
2025-06-12 11:00:17,006 - INFO - Found 10 constraint violations in Sales_Before
2025-06-12 11:00:17,008 - INFO - Corrected 10 invalid values in Sales_Before with 203.36
2025-06-12 11:00:17,010 - INFO - Found 6 constraint violations in Sales_After
2025-06-12 11:00:17,011 - INFO - Corrected 6 invalid values in Sales_After with 273.20
2025-06-12 11:00:17,013 - INFO - 3. After Error Correction: Shape (10000, 7)
2025-06-12 11:00:17,014 - INFO -   Sales_Before: min=50.90, max=453.11, mean=203.79
2025-06-12 11:00:17,014 - INFO -   Sales_After: min=53.42, max=683.18, mean=280.53
2025-06-12 11:00:17,014 - INFO -   Customer_Satisfaction_Before: min=22.20, max=100.00, mean=70.25
2025-06-12 11:00:17,015 - INFO - Handling 1522 missing values in Sales_Before
2025-06-12 11:00:17,016 - INFO - Filled missing values in Sales_Before with 203.79
2025-06-12 11:00:17,016 - INFO - Handling 767 missing values in Sales_After
2025-06-12 11:00:17,017 - INFO - Filled missing values in Sales_After with 280.53
2025-06-12 11:00:17,018 - INFO - Handling 1670 missing values in Customer_Satisfaction_Before
2025-06-12 11:00:17,018 - INFO - Filled missing values in Customer_Satisfaction_Before with 70.25
2025-06-12 11:00:17,018 - INFO - Handling 1640 missing values in Customer_Satisfaction_After
2025-06-12 11:00:17,020 - INFO - Filled missing values in Customer_Satisfaction_After with 73.87
2025-06-12 11:00:17,020 - INFO - 4. After Missing Values: Shape (10000, 7)
2025-06-12 11:00:17,021 - INFO -   Sales_Before: min=50.90, max=453.11, mean=203.79
2025-06-12 11:00:17,022 - INFO -   Sales_After: min=53.42, max=683.18, mean=280.53
2025-06-12 11:00:17,023 - INFO -   Customer_Satisfaction_Before: min=22.20, max=100.00, mean=70.25
2025-06-12 11:00:17,027 - INFO - Found 327 outliers in Sales_Before (bounds: 88 - 317)
2025-06-12 11:00:17,028 - INFO - Capped outliers in Sales_Before
2025-06-12 11:00:17,030 - INFO - Found 194 outliers in Sales_After (bounds: 76 - 477)
2025-06-12 11:00:17,032 - INFO - Capped outliers in Sales_After
2025-06-12 11:00:17,034 - INFO - Found 7 outliers in Customer_Satisfaction_Before (bounds: 27 - 112)
2025-06-12 11:00:17,035 - INFO - Capped outliers in Customer_Satisfaction_Before
2025-06-12 11:00:17,036 - INFO - Found 17 outliers in Customer_Satisfaction_After (bounds: 28 - 121)
2025-06-12 11:00:17,037 - INFO - Capped outliers in Customer_Satisfaction_After
2025-06-12 11:00:17,037 - INFO - 5. After Outliers: Shape (10000, 7)
2025-06-12 11:00:17,038 - INFO -   Sales_Before: min=88.04, max=316.72, mean=203.42
2025-06-12 11:00:17,038 - INFO -   Sales_After: min=75.68, max=477.37, mean=279.76
2025-06-12 11:00:17,039 - INFO -   Customer_Satisfaction_Before: min=27.01, max=100.00, mean=70.25
2025-06-12 11:00:17,046 - INFO - Removed 5 duplicate rows
2025-06-12 11:00:17,046 - INFO - 6. After Duplicates: Shape (9995, 7)
2025-06-12 11:00:17,047 - INFO -   Sales_Before: min=88.04, max=316.72, mean=203.42
2025-06-12 11:00:17,048 - INFO -   Sales_After: min=75.68, max=477.37, mean=279.74
2025-06-12 11:00:17,049 - INFO -   Customer_Satisfaction_Before: min=27.01, max=100.00, mean=70.25
2025-06-12 11:00:17,049 - INFO - Adjusting precision for 4 columns: ['Sales_Before', 'Sales_After', 'Customer_Satisfaction_Before', 'Customer_Satisfaction_After']
2025-06-12 11:00:17,049 - INFO - Adjusted precision of Sales_Before to 2 decimal places
2025-06-12 11:00:17,050 - INFO - Adjusted precision of Sales_After to 2 decimal places
2025-06-12 11:00:17,050 - INFO - Adjusted precision of Customer_Satisfaction_Before to 1 decimal places
2025-06-12 11:00:17,050 - INFO - Adjusted precision of Customer_Satisfaction_After to 1 decimal places
2025-06-12 11:00:17,050 - INFO - 7. Final Data: Shape (9995, 7)
2025-06-12 11:00:17,052 - INFO -   Sales_Before: min=88.04, max=316.72, mean=203.42
2025-06-12 11:00:17,053 - INFO -   Sales_After: min=75.68, max=477.37, mean=279.74
2025-06-12 11:00:17,053 - INFO -   Customer_Satisfaction_Before: min=27.00, max=100.00, mean=70.26
2025-06-12 11:00:17,084 - INFO - Cleaned data saved to testdata\cleaned_output.csv
2025-06-12 11:00:17,092 - INFO - Numeric cleaning report saved to testdata\textreport.txt
2025-06-12 11:00:17,092 - INFO - Cleaning report generated at testdata\textreport.txt
2025-06-12 11:00:17,108 - INFO - 
========================================
Total execution time: 0.15 seconds
========================================
2025-06-12 11:04:05,006 - INFO - Using default cleaning configuration
2025-06-12 11:04:05,007 - INFO - Loading dataset from testdata\data.csv
2025-06-12 11:04:05,025 - INFO - Initial shape: (10000, 7)
2025-06-12 11:04:05,026 - INFO - Created data cleaning pipeline with 13 steps
2025-06-12 11:04:05,026 - INFO - 1. Initial Data: Shape (10000, 7)
2025-06-12 11:04:05,027 - INFO -   Sales_Before: min=24.85, max=545.42, mean=203.72
2025-06-12 11:04:05,028 - INFO -   Sales_After: min=32.41, max=818.22, mean=280.46
2025-06-12 11:04:05,028 - INFO -   Customer_Satisfaction_Before: min=22.20, max=100.00, mean=70.25
2025-06-12 11:04:05,029 - INFO - Converted Sales_Before to numeric (0 values became NaN)
2025-06-12 11:04:05,030 - INFO - Converted Sales_After to numeric (0 values became NaN)
2025-06-12 11:04:05,032 - INFO - Converted Customer_Satisfaction_Before to numeric (0 values became NaN)
2025-06-12 11:04:05,035 - INFO - Converted Customer_Satisfaction_After to numeric (0 values became NaN)
2025-06-12 11:04:05,035 - INFO - 2. After Type Conversion: Shape (10000, 7)
2025-06-12 11:04:05,036 - INFO -   Sales_Before: min=24.85, max=545.42, mean=203.72
2025-06-12 11:04:05,036 - INFO -   Sales_After: min=32.41, max=818.22, mean=280.46
2025-06-12 11:04:05,037 - INFO -   Customer_Satisfaction_Before: min=22.20, max=100.00, mean=70.25
2025-06-12 11:04:05,038 - INFO - Found 10 constraint violations in Sales_Before
2025-06-12 11:04:05,039 - INFO - Corrected 10 invalid values in Sales_Before with 203.36
2025-06-12 11:04:05,040 - INFO - Found 6 constraint violations in Sales_After
2025-06-12 11:04:05,042 - INFO - Corrected 6 invalid values in Sales_After with 273.20
2025-06-12 11:04:05,044 - INFO - 3. After Error Correction: Shape (10000, 7)
2025-06-12 11:04:05,045 - INFO -   Sales_Before: min=50.90, max=453.11, mean=203.79
2025-06-12 11:04:05,045 - INFO -   Sales_After: min=53.42, max=683.18, mean=280.53
2025-06-12 11:04:05,046 - INFO -   Customer_Satisfaction_Before: min=22.20, max=100.00, mean=70.25
2025-06-12 11:04:05,048 - INFO - Handling 1522 missing values in Sales_Before
2025-06-12 11:04:05,049 - INFO - Filled missing values in Sales_Before with 203.79
2025-06-12 11:04:05,049 - INFO - Handling 767 missing values in Sales_After
2025-06-12 11:04:05,049 - INFO - Filled missing values in Sales_After with 280.53
2025-06-12 11:04:05,050 - INFO - Handling 1670 missing values in Customer_Satisfaction_Before
2025-06-12 11:04:05,051 - INFO - Filled missing values in Customer_Satisfaction_Before with 70.25
2025-06-12 11:04:05,051 - INFO - Handling 1640 missing values in Customer_Satisfaction_After
2025-06-12 11:04:05,051 - INFO - Filled missing values in Customer_Satisfaction_After with 73.87
2025-06-12 11:04:05,052 - INFO - 4. After Missing Values: Shape (10000, 7)
2025-06-12 11:04:05,052 - INFO -   Sales_Before: min=50.90, max=453.11, mean=203.79
2025-06-12 11:04:05,053 - INFO -   Sales_After: min=53.42, max=683.18, mean=280.53
2025-06-12 11:04:05,053 - INFO -   Customer_Satisfaction_Before: min=22.20, max=100.00, mean=70.25
2025-06-12 11:04:05,056 - INFO - Found 327 outliers in Sales_Before (bounds: 88 - 317)
2025-06-12 11:04:05,058 - INFO - Capped outliers in Sales_Before
2025-06-12 11:04:05,060 - INFO - Found 194 outliers in Sales_After (bounds: 76 - 477)
2025-06-12 11:04:05,062 - INFO - Capped outliers in Sales_After
2025-06-12 11:04:05,064 - INFO - Found 7 outliers in Customer_Satisfaction_Before (bounds: 27 - 112)
2025-06-12 11:04:05,065 - INFO - Capped outliers in Customer_Satisfaction_Before
2025-06-12 11:04:05,067 - INFO - Found 17 outliers in Customer_Satisfaction_After (bounds: 28 - 121)
2025-06-12 11:04:05,068 - INFO - Capped outliers in Customer_Satisfaction_After
2025-06-12 11:04:05,068 - INFO - 5. After Outliers: Shape (10000, 7)
2025-06-12 11:04:05,071 - INFO -   Sales_Before: min=88.04, max=316.72, mean=203.42
2025-06-12 11:04:05,072 - INFO -   Sales_After: min=75.68, max=477.37, mean=279.76
2025-06-12 11:04:05,073 - INFO -   Customer_Satisfaction_Before: min=27.01, max=100.00, mean=70.25
2025-06-12 11:04:05,080 - INFO - Removed 5 duplicate rows
2025-06-12 11:04:05,080 - INFO - 6. After Duplicates: Shape (9995, 7)
2025-06-12 11:04:05,082 - INFO -   Sales_Before: min=88.04, max=316.72, mean=203.42
2025-06-12 11:04:05,083 - INFO -   Sales_After: min=75.68, max=477.37, mean=279.74
2025-06-12 11:04:05,083 - INFO -   Customer_Satisfaction_Before: min=27.01, max=100.00, mean=70.25
2025-06-12 11:04:05,083 - INFO - Adjusting precision for 4 columns: ['Sales_Before', 'Sales_After', 'Customer_Satisfaction_Before', 'Customer_Satisfaction_After']
2025-06-12 11:04:05,084 - INFO - Adjusted precision of Sales_Before to 2 decimal places
2025-06-12 11:04:05,084 - INFO - Adjusted precision of Sales_After to 2 decimal places
2025-06-12 11:04:05,085 - INFO - Adjusted precision of Customer_Satisfaction_Before to 1 decimal places
2025-06-12 11:04:05,085 - INFO - Adjusted precision of Customer_Satisfaction_After to 1 decimal places
2025-06-12 11:04:05,085 - INFO - 7. Final Data: Shape (9995, 7)
2025-06-12 11:04:05,086 - INFO -   Sales_Before: min=88.04, max=316.72, mean=203.42
2025-06-12 11:04:05,087 - INFO -   Sales_After: min=75.68, max=477.37, mean=279.74
2025-06-12 11:04:05,087 - INFO -   Customer_Satisfaction_Before: min=27.00, max=100.00, mean=70.26
2025-06-12 11:04:05,128 - INFO - Cleaned data saved to testdata\cleaned_output.csv
2025-06-12 11:04:05,135 - INFO - Numeric cleaning report saved to testdata\textreport.txt
2025-06-12 11:04:05,135 - INFO - Cleaning report generated at testdata\textreport.txt
2025-06-12 11:04:05,145 - INFO - 
========================================
Total execution time: 0.14 seconds
========================================
2025-06-12 11:04:20,156 - INFO - Downloaded NLTK resource: punkt
2025-06-12 11:04:20,159 - INFO - Downloaded NLTK resource: stopwords
2025-06-12 11:04:20,181 - INFO - Downloaded NLTK resource: wordnet
2025-06-12 11:04:20,210 - INFO - Data loaded in 0.03s
2025-06-12 11:04:20,281 - INFO - Auto-detected text column: OriginalTweet
2025-06-12 11:04:20,284 - INFO - Processing 16 chunks across 16 cores
2025-06-12 11:04:23,920 - INFO - Downloaded NLTK resource: punkt
2025-06-12 11:04:23,923 - INFO - Downloaded NLTK resource: stopwords
2025-06-12 11:04:23,960 - INFO - Downloaded NLTK resource: wordnet
2025-06-12 11:04:23,971 - INFO - Downloaded NLTK resource: punkt
2025-06-12 11:04:23,975 - INFO - Downloaded NLTK resource: stopwords
2025-06-12 11:04:23,999 - INFO - Downloaded NLTK resource: wordnet
2025-06-12 11:04:24,079 - INFO - Downloaded NLTK resource: punkt
2025-06-12 11:04:24,083 - INFO - Downloaded NLTK resource: stopwords
2025-06-12 11:04:24,104 - INFO - Downloaded NLTK resource: wordnet
2025-06-12 11:04:24,151 - INFO - Downloaded NLTK resource: punkt
2025-06-12 11:04:24,154 - INFO - Downloaded NLTK resource: stopwords
2025-06-12 11:04:24,160 - INFO - Downloaded NLTK resource: punkt
2025-06-12 11:04:24,163 - INFO - Downloaded NLTK resource: stopwords
2025-06-12 11:04:24,172 - INFO - Downloaded NLTK resource: punkt
2025-06-12 11:04:24,176 - INFO - Downloaded NLTK resource: stopwords
2025-06-12 11:04:24,178 - INFO - Downloaded NLTK resource: wordnet
2025-06-12 11:04:24,178 - INFO - Downloaded NLTK resource: punkt
2025-06-12 11:04:24,181 - INFO - Downloaded NLTK resource: stopwords
2025-06-12 11:04:24,190 - INFO - Downloaded NLTK resource: wordnet
2025-06-12 11:04:24,202 - INFO - Downloaded NLTK resource: punkt

2025-06-12 11:04:24,205 - INFO - Downloaded NLTK resource: stopwords
2025-06-12 11:04:24,207 - INFO - Downloaded NLTK resource: wordnet
2025-06-12 11:04:24,212 - INFO - Downloaded NLTK resource: punkt
2025-06-12 11:04:24,218 - INFO - Downloaded NLTK resource: stopwords
2025-06-12 11:04:24,231 - INFO - Downloaded NLTK resource: punkt
2025-06-12 11:04:24,232 - INFO - Downloaded NLTK resource: punkt
2025-06-12 11:04:24,233 - INFO - Downloaded NLTK resource: punkt
2025-06-12 11:04:24,237 - INFO - Downloaded NLTK resource: wordnet
2025-06-12 11:04:24,238 - INFO - Downloaded NLTK resource: stopwords
2025-06-12 11:04:24,239 - INFO - Downloaded NLTK resource: stopwords
2025-06-12 11:04:24,240 - INFO - Downloaded NLTK resource: stopwords
2025-06-12 11:04:24,251 - INFO - Downloaded NLTK resource: punkt
2025-06-12 11:04:24,255 - INFO - Downloaded NLTK resource: stopwords
2025-06-12 11:04:24,259 - INFO - Downloaded NLTK resource: punkt
2025-06-12 11:04:24,263 - INFO - Downloaded NLTK resource: stopwords
2025-06-12 11:04:24,266 - INFO - Downloaded NLTK resource: wordnet
2025-06-12 11:04:24,273 - INFO - Downloaded NLTK resource: punkt
2025-06-12 11:04:24,280 - INFO - Downloaded NLTK resource: stopwords
2025-06-12 11:04:24,286 - INFO - Downloaded NLTK resource: wordnet
2025-06-12 11:04:24,292 - INFO - Downloaded NLTK resource: wordnet
2025-06-12 11:04:24,293 - INFO - Downloaded NLTK resource: wordnet
2025-06-12 11:04:24,293 - INFO - Downloaded NLTK resource: punkt
2025-06-12 11:04:24,296 - INFO - Downloaded NLTK resource: wordnet
2025-06-12 11:04:24,299 - INFO - Downloaded NLTK resource: stopwords
2025-06-12 11:04:24,319 - INFO - Downloaded NLTK resource: wordnet
2025-06-12 11:04:24,329 - INFO - Downloaded NLTK resource: wordnet
2025-06-12 11:04:24,342 - INFO - Downloaded NLTK resource: wordnet
2025-06-12 11:04:30,372 - INFO - Completed parallel cleaning
2025-06-12 11:04:30,375 - INFO - Cleaning completed in 10.09s
2025-06-12 11:04:30,430 - INFO - Text cleaning report saved to testdata\text_cleaning_report.txt
2025-06-12 11:04:30,431 - INFO - Report generated in 0.06s
2025-06-12 11:04:30,453 - INFO - Data saved to testdata\cleaned_text.csv in 0.02s
2025-06-12 11:04:30,454 - INFO - 
========================================
Total execution time: 10.27 seconds
========================================
2025-06-12 11:06:06,708 - INFO - Loading dataset from dates.csv
2025-06-12 11:07:03,145 - INFO - Loading dataset from testdata\dates.csv
2025-06-12 11:07:03,171 - INFO - Initialized DateTimeCleaner with dataframe of shape (100, 9)
2025-06-12 11:07:03,181 - INFO - Detected 6 potential datetime columns: ['order_date', 'delivery_date', 'event_time', 'registration_date', 'expiration_date', 'customer_id']
2025-06-12 11:07:03,188 - INFO - Parsed order_date to datetime using inferred format '%Y-%m-%d'
2025-06-12 11:07:03,195 - INFO - Created 10 calendar features for order_date: ['order_date_year', 'order_date_month', 'order_date_day', 'order_date_dayofweek', 'order_date_quarter', 'order_date_is_weekend', 'order_date_is_month_end', 'order_date_is_quarter_end', 'order_date_fiscal_quarter', 'order_date_season']
2025-06-12 11:07:03,197 - INFO - Parsed delivery_date to datetime using inferred format '%Y-%m-%d'
2025-06-12 11:07:03,198 - INFO - Imputing 73 missing values in delivery_date using linear
2025-06-12 11:07:03,199 - INFO - Completed imputation for delivery_date
2025-06-12 11:07:03,207 - INFO - Created 10 calendar features for delivery_date: ['delivery_date_year', 'delivery_date_month', 'delivery_date_day', 'delivery_date_dayofweek', 'delivery_date_quarter', 'delivery_date_is_weekend', 'delivery_date_is_month_end', 'delivery_date_is_quarter_end', 'delivery_date_fiscal_quarter', 'delivery_date_season']
2025-06-12 11:07:03,209 - INFO - Parsed event_time to datetime using inferred format '%Y-%m-%d'
2025-06-12 11:07:03,216 - INFO - Created 10 calendar features for event_time: ['event_time_year', 'event_time_month', 'event_time_day', 'event_time_dayofweek', 'event_time_quarter', 'event_time_is_weekend', 'event_time_is_month_end', 'event_time_is_quarter_end', 'event_time_fiscal_quarter', 'event_time_season']
2025-06-12 11:07:03,217 - INFO - Parsed registration_date to datetime using inferred format '%Y-%m-%d'
2025-06-12 11:07:03,222 - INFO - Created 10 calendar features for registration_date: ['registration_date_year', 'registration_date_month', 'registration_date_day', 'registration_date_dayofweek', 'registration_date_quarter', 'registration_date_is_weekend', 'registration_date_is_month_end', 'registration_date_is_quarter_end', 'registration_date_fiscal_quarter', 'registration_date_season']
2025-06-12 11:07:03,223 - INFO - Parsed expiration_date to datetime using inferred format '%Y-%m-%d'
2025-06-12 11:07:03,230 - INFO - Created 10 calendar features for expiration_date: ['expiration_date_year', 'expiration_date_month', 'expiration_date_day', 'expiration_date_dayofweek', 'expiration_date_quarter', 'expiration_date_is_weekend', 'expiration_date_is_month_end', 'expiration_date_is_quarter_end', 'expiration_date_fiscal_quarter', 'expiration_date_season']
2025-06-12 11:07:03,233 - INFO - Parsed customer_id to datetime using inferred format '%Y-%m-%d'
2025-06-12 11:07:03,238 - INFO - Created 10 calendar features for customer_id: ['customer_id_year', 'customer_id_month', 'customer_id_day', 'customer_id_dayofweek', 'customer_id_quarter', 'customer_id_is_weekend', 'customer_id_is_month_end', 'customer_id_is_quarter_end', 'customer_id_fiscal_quarter', 'customer_id_season']
2025-06-12 11:07:03,244 - INFO - Date/time cleaning report saved to testdata\date_cleaning_report.txt
